# JRE version: Java(TM) SE Runtime Environment (8.0_77-b03) (build 1.8.0_77-b03)
# Java VM: Java HotSpot(TM) 64-Bit Server VM (25.77-b03 mixed mode windows-amd64 compressed oops)
Heap:
 PSYoungGen      total 83968K, used 83954K [0x00000000d5e00000, 0x00000000dc100000, 0x0000000100000000)
  eden space 66560K, 100% used [0x00000000d5e00000,0x00000000d9f00000,0x00000000d9f00000)
  from space 17408K, 99% used [0x00000000d9f00000,0x00000000daffc9a8,0x00000000db000000)
  to   space 17408K, 99% used [0x00000000db000000,0x00000000dc0fdaa8,0x00000000dc100000)
 ParOldGen       total 64512K, used 64511K [0x0000000081a00000, 0x0000000085900000, 0x00000000d5e00000)
  object space 64512K, 99% used [0x0000000081a00000,0x00000000858ffff0,0x0000000085900000)
 Metaspace       used 16935K, capacity 17848K, committed 18048K, reserved 1064960K
  class space    used 2190K, capacity 2407K, committed 2432K, reserved 1048576K
GC Heap History (10 events):
Event: 2.776 GC heap before
{Heap before GC invocations=10 (full 1):
 PSYoungGen      total 83968K, used 83292K [0x00000000d5e00000, 0x00000000dc100000, 0x0000000100000000)
  eden space 66560K, 100% used [0x00000000d5e00000,0x00000000d9f00000,0x00000000d9f00000)
  from space 17408K, 96% used [0x00000000db000000,0x00000000dc0572e8,0x00000000dc100000)
  to   space 17408K, 0% used [0x00000000d9f00000,0x00000000d9f00000,0x00000000db000000)
 ParOldGen       total 61440K, used 12137K [0x0000000081a00000, 0x0000000085600000, 0x00000000d5e00000)
  object space 61440K, 19% used [0x0000000081a00000,0x00000000825da518,0x0000000085600000)
 Metaspace       used 12618K, capacity 13160K, committed 13440K, reserved 1060864K
  class space    used 1470K, capacity 1611K, committed 1664K, reserved 1048576K
Event: 2.783 GC heap after
Heap after GC invocations=10 (full 1):
 PSYoungGen      total 83968K, used 15456K [0x00000000d5e00000, 0x00000000dc100000, 0x0000000100000000)
  eden space 66560K, 0% used [0x00000000d5e00000,0x00000000d5e00000,0x00000000d9f00000)
  from space 17408K, 88% used [0x00000000d9f00000,0x00000000dae181c8,0x00000000db000000)
  to   space 17408K, 0% used [0x00000000db000000,0x00000000db000000,0x00000000dc100000)
 ParOldGen       total 61440K, used 12209K [0x0000000081a00000, 0x0000000085600000, 0x00000000d5e00000)
  object space 61440K, 19% used [0x0000000081a00000,0x00000000825ec528,0x0000000085600000)
 Metaspace       used 12618K, capacity 13160K, committed 13440K, reserved 1060864K
  class space    used 1470K, capacity 1611K, committed 1664K, reserved 1048576K
}
Event: 2.924 GC heap before
{Heap before GC invocations=11 (full 1):
 PSYoungGen      total 83968K, used 82016K [0x00000000d5e00000, 0x00000000dc100000, 0x0000000100000000)
  eden space 66560K, 100% used [0x00000000d5e00000,0x00000000d9f00000,0x00000000d9f00000)
  from space 17408K, 88% used [0x00000000d9f00000,0x00000000dae181c8,0x00000000db000000)
  to   space 17408K, 0% used [0x00000000db000000,0x00000000db000000,0x00000000dc100000)
 ParOldGen       total 61440K, used 12209K [0x0000000081a00000, 0x0000000085600000, 0x00000000d5e00000)
  object space 61440K, 19% used [0x0000000081a00000,0x00000000825ec528,0x0000000085600000)
 Metaspace       used 12624K, capacity 13160K, committed 13440K, reserved 1060864K
  class space    used 1470K, capacity 1611K, committed 1664K, reserved 1048576K
Event: 2.932 GC heap after
Heap after GC invocations=11 (full 1):
 PSYoungGen      total 83968K, used 17378K [0x00000000d5e00000, 0x00000000dc100000, 0x0000000100000000)
  eden space 66560K, 0% used [0x00000000d5e00000,0x00000000d5e00000,0x00000000d9f00000)
  from space 17408K, 99% used [0x00000000db000000,0x00000000dc0f8958,0x00000000dc100000)
  to   space 17408K, 0% used [0x00000000d9f00000,0x00000000d9f00000,0x00000000db000000)
 ParOldGen       total 61440K, used 12393K [0x0000000081a00000, 0x0000000085600000, 0x00000000d5e00000)
  object space 61440K, 20% used [0x0000000081a00000,0x000000008261a610,0x0000000085600000)
 Metaspace       used 12624K, capacity 13160K, committed 13440K, reserved 1060864K
  class space    used 1470K, capacity 1611K, committed 1664K, reserved 1048576K
}
Event: 3.092 GC heap before
{Heap before GC invocations=12 (full 1):
 PSYoungGen      total 83968K, used 83938K [0x00000000d5e00000, 0x00000000dc100000, 0x0000000100000000)
  eden space 66560K, 100% used [0x00000000d5e00000,0x00000000d9f00000,0x00000000d9f00000)
  from space 17408K, 99% used [0x00000000db000000,0x00000000dc0f8958,0x00000000dc100000)
  to   space 17408K, 0% used [0x00000000d9f00000,0x00000000d9f00000,0x00000000db000000)
 ParOldGen       total 61440K, used 12393K [0x0000000081a00000, 0x0000000085600000, 0x00000000d5e00000)
  object space 61440K, 20% used [0x0000000081a00000,0x000000008261a610,0x0000000085600000)
 Metaspace       used 12624K, capacity 13160K, committed 13440K, reserved 1060864K
  class space    used 1470K, capacity 1611K, committed 1664K, reserved 1048576K
Event: 3.100 GC heap after
Heap after GC invocations=12 (full 1):
 PSYoungGen      total 83968K, used 16332K [0x00000000d5e00000, 0x00000000dc100000, 0x0000000100000000)
  eden space 66560K, 0% used [0x00000000d5e00000,0x00000000d5e00000,0x00000000d9f00000)
  from space 17408K, 93% used [0x00000000d9f00000,0x00000000daef31a0,0x00000000db000000)
  to   space 17408K, 0% used [0x00000000db000000,0x00000000db000000,0x00000000dc100000)
 ParOldGen       total 61440K, used 15395K [0x0000000081a00000, 0x0000000085600000, 0x00000000d5e00000)
  object space 61440K, 25% used [0x0000000081a00000,0x0000000082908da0,0x0000000085600000)
 Metaspace       used 12624K, capacity 13160K, committed 13440K, reserved 1060864K
  class space    used 1470K, capacity 1611K, committed 1664K, reserved 1048576K
}
Event: 3.255 GC heap before
{Heap before GC invocations=13 (full 1):
 PSYoungGen      total 83968K, used 82892K [0x00000000d5e00000, 0x00000000dc100000, 0x0000000100000000)
  eden space 66560K, 100% used [0x00000000d5e00000,0x00000000d9f00000,0x00000000d9f00000)
  from space 17408K, 93% used [0x00000000d9f00000,0x00000000daef31a0,0x00000000db000000)
  to   space 17408K, 0% used [0x00000000db000000,0x00000000db000000,0x00000000dc100000)
 ParOldGen       total 61440K, used 15395K [0x0000000081a00000, 0x0000000085600000, 0x00000000d5e00000)
  object space 61440K, 25% used [0x0000000081a00000,0x0000000082908da0,0x0000000085600000)
 Metaspace       used 12627K, capacity 13160K, committed 13440K, reserved 1060864K
  class space    used 1470K, capacity 1611K, committed 1664K, reserved 1048576K
Event: 3.262 GC heap after
Heap after GC invocations=13 (full 1):
 PSYoungGen      total 83968K, used 15970K [0x00000000d5e00000, 0x00000000dc100000, 0x0000000100000000)
  eden space 66560K, 0% used [0x00000000d5e00000,0x00000000d5e00000,0x00000000d9f00000)
  from space 17408K, 91% used [0x00000000db000000,0x00000000dbf98a08,0x00000000dc100000)
  to   space 17408K, 0% used [0x00000000d9f00000,0x00000000d9f00000,0x00000000db000000)
 ParOldGen       total 61440K, used 15443K [0x0000000081a00000, 0x0000000085600000, 0x00000000d5e00000)
  object space 61440K, 25% used [0x0000000081a00000,0x0000000082914f70,0x0000000085600000)
 Metaspace       used 12627K, capacity 13160K, committed 13440K, reserved 1060864K
  class space    used 1470K, capacity 1611K, committed 1664K, reserved 1048576K
}
Event: 4.948 GC heap before
{Heap before GC invocations=14 (full 1):
 PSYoungGen      total 83968K, used 82530K [0x00000000d5e00000, 0x00000000dc100000, 0x0000000100000000)
  eden space 66560K, 100% used [0x00000000d5e00000,0x00000000d9f00000,0x00000000d9f00000)
  from space 17408K, 91% used [0x00000000db000000,0x00000000dbf98a08,0x00000000dc100000)
  to   space 17408K, 0% used [0x00000000d9f00000,0x00000000d9f00000,0x00000000db000000)
 ParOldGen       total 61440K, used 15443K [0x0000000081a00000, 0x0000000085600000, 0x00000000d5e00000)
  object space 61440K, 25% used [0x0000000081a00000,0x0000000082914f70,0x0000000085600000)
 Metaspace       used 16875K, capacity 17740K, committed 18048K, reserved 1064960K
  class space    used 2182K, capacity 2375K, committed 2432K, reserved 1048576K
Event: 4.961 GC heap after
Heap after GC invocations=14 (full 1):
 PSYoungGen      total 83968K, used 17394K [0x00000000d5e00000, 0x00000000dc100000, 0x0000000100000000)
  eden space 66560K, 0% used [0x00000000d5e00000,0x00000000d5e00000,0x00000000d9f00000)
  from space 17408K, 99% used [0x00000000d9f00000,0x00000000daffc9a8,0x00000000db000000)
  to   space 17408K, 0% used [0x00000000db000000,0x00000000db000000,0x00000000dc100000)
 ParOldGen       total 61440K, used 22214K [0x0000000081a00000, 0x0000000085600000, 0x00000000d5e00000)
  object space 61440K, 36% used [0x0000000081a00000,0x0000000082fb1bb0,0x0000000085600000)
 Metaspace       used 16875K, capacity 17740K, committed 18048K, reserved 1064960K
  class space    used 2182K, capacity 2375K, committed 2432K, reserved 1048576K
}

